TN:
SF:frontend/src/components/Button/Button.tsx
FN:5,Button
FNF:1
FNH:1
FNDA:3,Button
DA:1,1
DA:2,1
DA:3,1
DA:4,1
DA:5,1
DA:6,3
DA:7,3
DA:8,3
DA:9,3
DA:10,3
DA:11,3
DA:12,1
DA:13,1
LF:13
LH:13
BRDA:5,0,0,3
BRF:1
BRH:1
end_of_record
TN:
SF:frontend/src/components/Contacts/Contact/Contact.tsx
FN:5,Contact
FNF:1
FNH:1
FNDA:4,Contact
DA:1,1
DA:2,1
DA:3,1
DA:4,1
DA:5,1
DA:6,4
DA:7,4
DA:8,4
DA:9,4
DA:10,4
DA:11,4
DA:12,4
DA:13,4
DA:14,4
DA:15,1
DA:16,1
LF:16
LH:16
BRDA:5,0,0,4
BRF:1
BRH:1
end_of_record
TN:
SF:frontend/src/components/Contacts/NewContactForm/NewContactForm.tsx
FN:9,NewContactForm
FN:15,nameChangeHandler
FN:21,ageChangeHandler
FN:25,emailChangeHandler
FN:29,phoneChangeHandler
FN:33,submitContactHandler
FNF:6
FNH:2
FNDA:2,NewContactForm
FNDA:0,nameChangeHandler
FNDA:0,ageChangeHandler
FNDA:0,emailChangeHandler
FNDA:0,phoneChangeHandler
FNDA:1,submitContactHandler
DA:1,1
DA:2,1
DA:3,1
DA:4,1
DA:5,1
DA:6,1
DA:7,1
DA:8,1
DA:9,1
DA:10,2
DA:11,2
DA:12,2
DA:13,2
DA:14,2
DA:15,2
DA:16,0
DA:17,0
DA:18,0
DA:19,0
DA:20,2
DA:21,2
DA:22,0
DA:23,0
DA:24,2
DA:25,2
DA:26,0
DA:27,0
DA:28,2
DA:29,2
DA:30,0
DA:31,0
DA:32,2
DA:33,2
DA:34,1
DA:35,1
DA:36,1
DA:37,2
DA:38,2
DA:39,2
DA:40,2
DA:41,2
DA:42,2
DA:43,2
DA:44,2
DA:45,2
DA:46,2
DA:47,2
DA:48,2
DA:49,2
DA:50,2
DA:51,2
DA:52,2
DA:53,2
DA:54,2
DA:55,2
DA:56,2
DA:57,2
DA:58,2
DA:59,2
DA:60,2
DA:61,2
DA:62,2
DA:63,2
DA:64,2
DA:65,2
DA:66,2
DA:67,2
DA:68,2
DA:69,2
DA:70,2
DA:71,2
DA:72,2
DA:73,2
DA:74,2
DA:75,2
DA:76,2
DA:77,2
DA:78,2
DA:79,1
DA:80,1
LF:80
LH:70
BRDA:9,0,0,2
BRDA:33,1,0,1
BRF:2
BRH:2
end_of_record
TN:
SF:frontend/src/components/Header/Header.tsx
FN:4,Header
FNF:1
FNH:1
FNDA:1,Header
DA:1,1
DA:2,1
DA:3,1
DA:4,1
DA:5,1
DA:6,1
DA:7,1
DA:8,1
DA:9,1
DA:10,1
DA:11,1
DA:12,1
LF:12
LH:12
BRDA:4,0,0,1
BRF:1
BRH:1
end_of_record
TN:
SF:frontend/src/components/Input/Input.tsx
FN:6,Input
FNF:1
FNH:1
FNDA:9,Input
DA:1,1
DA:2,1
DA:3,1
DA:4,1
DA:5,1
DA:6,1
DA:7,9
DA:8,9
DA:9,9
DA:10,9
DA:11,9
DA:12,9
DA:13,9
DA:14,9
DA:15,9
DA:16,9
DA:17,9
DA:18,9
DA:19,9
DA:20,9
DA:21,1
DA:22,1
LF:22
LH:22
BRDA:6,0,0,9
BRF:1
BRH:1
end_of_record
